<?xml version="1.0" encoding="UTF-8" ?>
<testsuite tests="1" failures="0" name="com.cts.testrunner.TestRunner" time="25.472" errors="1" skipped="0">
  <properties>
[...]
</properties>
  <testcase classname="Feature to test user screen related functionalitites" name="To validate login functionality" time="25.472">
    <error message="The step &quot;login should be successful with theww &quot;Welcome to Adactin Group of Hotels&quot;&quot; is undefined" type="cucumber.runtime.junit.UndefinedThrowable">cucumber.runtime.junit.UndefinedThrowable: The step &quot;login should be successful with theww &quot;Welcome to Adactin Group of Hotels&quot;&quot; is undefined
</error>
    <system-out>2022-04-13 17:41:19 INFO  WebDriverManager:615 - Using chromedriver 100.0.4896.60 (since Google Chrome 100 is installed in your machine)
2022-04-13 17:41:19 INFO  WebDriverManager:1113 - Exporting webdriver.chrome.driver as C:\Users\Sathish\.m2\repository\webdriver\chromedriver\win32\100.0.4896.60\chromedriver.exe
2022-04-13 17:41:25 INFO  Helper:21 - chrome browser launched successfully
sathishtest12344
sathish123
2022-04-13 17:41:33 WARN  LoginPage:41 - entering username as sathishtest12344
2022-04-13 17:41:34 ERROR LoginPage:43 - entering password as sathishtest12344
2022-04-13 17:41:34 INFO  LoginPage:45 - clicking login button
</system-out>
    <system-err>Starting ChromeDriver 100.0.4896.60 (6a5d10861ce8de5fce22564658033b43cb7de047-refs/branch-heads/4896@{#875}) on port 23491
Only local connections are allowed.
Please see https://chromedriver.chromium.org/security-considerations for suggestions on keeping ChromeDriver safe.
ChromeDriver was started successfully.
Apr 13, 2022 5:41:24 PM org.openqa.selenium.remote.ProtocolHandshake createSession
INFO: Detected dialect: W3C
</system-err>
  </testcase>
</testsuite>